[2019-07-13 17:06:29] [          global always  ] Spawning background process: /usr/bin/php '/var/www/cacti/install/background.php' 1563037589.3373
[2019-07-13 17:06:29] [          global always  ] Setting PHP Option max_execution_time = 0
[2019-07-13 17:06:29] [          global always  ] Setting PHP Option memory_limit = -1
[2019-07-13 17:06:33] [          global always  ] Starting INSTALL Process for v1.2.4
[2019-07-13 17:06:33] [          global always  ] No tables where found or selected for conversion
[2019-07-13 17:06:33] [          global always  ] Found 6 templates to install
[2019-07-13 17:06:33] [          global always  ] About to import Package #1 'Cacti_Stats.xml.gz'.
[2019-07-13 17:09:07] [          global always  ] Import of Package #1 'Cacti_Stats.xml.gz' under Profile '1' succeeded
[2019-07-13 17:09:07] [          global always  ] About to import Package #2 'Cisco_Router.xml.gz'.
[2019-07-13 17:10:33] [          global always  ] Import of Package #2 'Cisco_Router.xml.gz' under Profile '1' succeeded
[2019-07-13 17:10:33] [          global always  ] About to import Package #3 'Generic_SNMP_Device.xml.gz'.
[2019-07-13 17:10:54] [          global always  ] Import of Package #3 'Generic_SNMP_Device.xml.gz' under Profile '1' succeeded
[2019-07-13 17:10:54] [          global always  ] About to import Package #4 'Local_Linux_Machine.xml.gz'.
[2019-07-13 17:11:16] [          global always  ] Import of Package #4 'Local_Linux_Machine.xml.gz' under Profile '1' succeeded
[2019-07-13 17:11:17] [          global always  ] About to import Package #5 'NetSNMP_Device.xml.gz'.
[2019-07-13 17:13:04] [          global always  ] Import of Package #5 'NetSNMP_Device.xml.gz' under Profile '1' succeeded
[2019-07-13 17:13:04] [          global always  ] About to import Package #6 'Windows_Device.xml.gz'.
[2019-07-13 17:13:31] [          global always  ] Import of Package #6 'Windows_Device.xml.gz' under Profile '1' succeeded
[2019-07-13 17:13:33] [          global always  ] Mapping Automation Template for Device Template 'Net-SNMP Device'
[2019-07-13 17:13:34] [          global always  ] Mapping Automation Template for Device Template 'Windows Device'
[2019-07-13 17:13:34] [          global always  ] Mapping Automation Template for Device Template 'Cisco Router'
[2019-07-13 17:13:34] [      automation always  ] Setting default data source profile to 5 Minute Collection (1)
[2019-07-13 17:13:35] [          global always  ] Updating automation network (1), mode "on" => "on", subnet "192.168.1.0/24" => 192.168.1.0/24"
[2019-07-13 17:13:36] [          global always  ] Device Template for First Cacti Device is 4
[2019-07-13 17:13:53] [          global always  ] Creating Graphs for Default Device
[2019-07-13 17:13:54] [          global always  ] Adding Device to Default Tree
[2019-07-13 17:13:55] [          global always  ] Repopulating poller cache
[2019-07-13 17:13:56] [          global always  ] Repopulating SNMP Agent cache
[2019-07-13 17:14:21] [          global always  ] Generating RSA Key Pair
[2019-07-13 17:14:23] [          global always  ] Finished INSTALL Process for v1.2.4
[2019-07-13 17:14:25] [          global always  ] La instalación se inició a las 2019-07-13 17:06:29, se completó el 2019-07-13 17:14:25
[2019-07-13 20:50:35] [          global always  ] Spawning background process: /usr/bin/php '/var/www/cacti/install/background.php' 1563051035.5113
[2019-07-13 20:50:35] [          global always  ] Setting PHP Option max_execution_time = 0
[2019-07-13 20:50:35] [          global always  ] Setting PHP Option memory_limit = -1
[2019-07-13 20:50:38] [          global always  ] Starting INSTALL Process for v1.2.4
[2019-07-13 20:50:39] [          global always  ] No tables where found or selected for conversion
[2019-07-13 20:50:39] [          global always  ] Found 6 templates to install
[2019-07-13 20:50:40] [          global always  ] About to import Package #1 'Cacti_Stats.xml.gz'.
[2019-07-13 20:53:01] [          global always  ] Import of Package #1 'Cacti_Stats.xml.gz' under Profile '1' succeeded
[2019-07-13 20:53:01] [          global always  ] About to import Package #2 'Cisco_Router.xml.gz'.
[2019-07-13 20:54:13] [          global always  ] Import of Package #2 'Cisco_Router.xml.gz' under Profile '1' succeeded
[2019-07-13 20:54:13] [          global always  ] About to import Package #3 'Generic_SNMP_Device.xml.gz'.
[2019-07-13 20:54:44] [          global always  ] Import of Package #3 'Generic_SNMP_Device.xml.gz' under Profile '1' succeeded
[2019-07-13 20:54:45] [          global always  ] About to import Package #4 'Local_Linux_Machine.xml.gz'.
[2019-07-13 20:55:05] [          global always  ] Import of Package #4 'Local_Linux_Machine.xml.gz' under Profile '1' succeeded
[2019-07-13 20:55:05] [          global always  ] About to import Package #5 'NetSNMP_Device.xml.gz'.
[2019-07-13 20:56:42] [          global always  ] Import of Package #5 'NetSNMP_Device.xml.gz' under Profile '1' succeeded
[2019-07-13 20:56:42] [          global always  ] About to import Package #6 'Windows_Device.xml.gz'.
[2019-07-13 20:57:01] [          global always  ] Import of Package #6 'Windows_Device.xml.gz' under Profile '1' succeeded
[2019-07-13 20:57:02] [          global always  ] Mapping Automation Template for Device Template 'Net-SNMP Device'
[2019-07-13 20:57:03] [          global always  ] Mapping Automation Template for Device Template 'Windows Device'
[2019-07-13 20:57:03] [          global always  ] Mapping Automation Template for Device Template 'Cisco Router'
[2019-07-13 20:57:03] [      automation always  ] Setting default data source profile to 5 Minute Collection (1)
[2019-07-13 20:57:06] [          global always  ] Updating automation network (1), mode "on" => "on", subnet "192.168.1.0/24" => 192.168.1.0/24"
[2019-07-13 20:57:07] [          global always  ] Device Template for First Cacti Device is 4
[2019-07-13 20:57:20] [          global always  ] Creating Graphs for Default Device
[2019-07-13 20:57:20] [          global always  ] Adding Device to Default Tree
[2019-07-13 20:57:21] [          global always  ] Repopulating poller cache
[2019-07-13 20:57:22] [          global always  ] Repopulating SNMP Agent cache
[2019-07-13 20:57:48] [          global always  ] Generating RSA Key Pair
[2019-07-13 20:57:48] [          global always  ] Finished INSTALL Process for v1.2.4
[2019-07-13 20:57:50] [          global always  ] La instalación se inició a las 2019-07-13 20:50:35, se completó el 2019-07-13 20:57:50
[2019-07-18 18:06:24] [          global always  ] Spawning background process: /usr/bin/php '/var/www/cacti/install/background.php' 1563473184.599
[2019-07-18 18:06:24] [          global always  ] Setting PHP Option max_execution_time = 0
[2019-07-18 18:06:24] [          global always  ] Setting PHP Option memory_limit = -1
[2019-07-18 18:06:27] [          global always  ] Starting INSTALL Process for v1.2.4
[2019-07-18 18:06:27] [          global always  ] No tables where found or selected for conversion
[2019-07-18 18:06:27] [          global always  ] Found 6 templates to install
[2019-07-18 18:06:28] [          global always  ] About to import Package #1 'Cacti_Stats.xml.gz'.
[2019-07-18 18:08:15] [          global always  ] Import of Package #1 'Cacti_Stats.xml.gz' under Profile '1' succeeded
[2019-07-18 18:08:16] [          global always  ] About to import Package #2 'Cisco_Router.xml.gz'.
[2019-07-18 18:09:19] [          global always  ] Import of Package #2 'Cisco_Router.xml.gz' under Profile '1' succeeded
[2019-07-18 18:09:19] [          global always  ] About to import Package #3 'Generic_SNMP_Device.xml.gz'.
[2019-07-18 18:09:43] [          global always  ] Import of Package #3 'Generic_SNMP_Device.xml.gz' under Profile '1' succeeded
[2019-07-18 18:09:43] [          global always  ] About to import Package #4 'Local_Linux_Machine.xml.gz'.
[2019-07-18 18:10:05] [          global always  ] Import of Package #4 'Local_Linux_Machine.xml.gz' under Profile '1' succeeded
[2019-07-18 18:10:06] [          global always  ] About to import Package #5 'NetSNMP_Device.xml.gz'.
[2019-07-18 18:11:35] [          global always  ] Import of Package #5 'NetSNMP_Device.xml.gz' under Profile '1' succeeded
[2019-07-18 18:11:35] [          global always  ] About to import Package #6 'Windows_Device.xml.gz'.
[2019-07-18 18:11:59] [          global always  ] Import of Package #6 'Windows_Device.xml.gz' under Profile '1' succeeded
[2019-07-18 18:12:00] [          global always  ] Mapping Automation Template for Device Template 'Net-SNMP Device'
[2019-07-18 18:12:00] [          global always  ] Mapping Automation Template for Device Template 'Windows Device'
[2019-07-18 18:12:00] [          global always  ] Mapping Automation Template for Device Template 'Cisco Router'
[2019-07-18 18:12:00] [      automation always  ] Setting default data source profile to 5 Minute Collection (1)
[2019-07-18 18:12:01] [          global always  ] Updating automation network (1), mode "on" => "on", subnet "192.168.1.0/24" => 192.168.1.0/24"
[2019-07-18 18:12:01] [          global always  ] Adding extra snmp settings for automation
[2019-07-18 18:12:01] [          global always  ] Selecting Automation Option Set 1
[2019-07-18 18:12:02] [          global always  ] Updating Automation Option Set 1
[2019-07-18 18:12:02] [          global always  ] Successfully updated Automation Option Set 1
[2019-07-18 18:12:02] [          global always  ] Resequencing Automation Option Set 1
[2019-07-18 18:12:02] [          global always  ] Device Template for First Cacti Device is 4
[2019-07-18 18:12:16] [          global always  ] Creating Graphs for Default Device
[2019-07-18 18:12:17] [          global always  ] Adding Device to Default Tree
[2019-07-18 18:12:17] [          global always  ] Repopulating poller cache
[2019-07-18 18:12:18] [          global always  ] Repopulating SNMP Agent cache
[2019-07-18 18:12:46] [          global always  ] Generating RSA Key Pair
[2019-07-18 18:12:47] [          global always  ] Finished INSTALL Process for v1.2.4
[2019-07-18 18:12:49] [          global always  ] La instalación se inició a las 2019-07-18 18:06:24, se completó el 2019-07-18 18:12:49
[2019-07-18 22:05:24] [          global always  ] Spawning background process: /usr/bin/php '/var/www/cacti/install/background.php' 1563487524.7986
[2019-07-18 22:05:24] [          global always  ] Setting PHP Option max_execution_time = 0
[2019-07-18 22:05:24] [          global always  ] Setting PHP Option memory_limit = -1
[2019-07-18 22:05:28] [          global always  ] Starting INSTALL Process for v1.2.4
[2019-07-18 22:05:28] [          global always  ] No tables where found or selected for conversion
[2019-07-18 22:05:28] [          global always  ] Found 6 templates to install
[2019-07-18 22:05:28] [          global always  ] About to import Package #1 'Cacti_Stats.xml.gz'.
